<?xml version="1.0" encoding="UTF-8"?>
<!-- Generated by org.testng.reporters.JUnitReportReporter -->
<testsuite hostname="IBM-D3SMC64" failures="0" tests="4" name="TestAPI2" time="10.116" errors="0" timestamp="2025-05-28T14:34:27 IST" skipped="0">
  <testcase classname="TestAPI2" name="UpdatePetStatus" time="1.683"/>
  <testcase classname="TestAPI2" name="AddPetDetails" time="4.754"/>
  <testcase classname="TestAPI2" name="GetPetById" time="2.066"/>
  <testcase classname="TestAPI2" name="DeletePetById" time="1.613"/>
</testsuite> <!-- TestAPI2 -->
